<?xml version="1.0" encoding="UTF-8"?>
<!-- Generated by org.testng.reporters.JUnitReportReporter -->
<testsuite hostname="FWAL009" failures="0" tests="1" name="runner.LoginTestRunner" time="23.299" errors="0" timestamp="4 Sep 2019 12:36:53 GMT">
  <testcase classname="runner.LoginTestRunner" name="feature" time="23.299"/>
</testsuite> <!-- runner.LoginTestRunner -->
