<?xml version="1.0" encoding="UTF-8"?>
<!-- Generated by org.testng.reporters.JUnitReportReporter -->
<testsuite hostname="FWAL009" failures="0" tests="1" name="runner.TestRunner" time="0.142" errors="0" timestamp="06 Aug 2019 20:44:38 GMT" skipped="0">
  <testcase classname="runner.TestRunner" name="feature" time="0.142"/>
</testsuite> <!-- runner.TestRunner -->
