<?xml version="1.0" encoding="UTF-8"?>
<!-- Generated by org.testng.reporters.JUnitReportReporter -->
<testsuite hostname="FWAL009" failures="0" tests="1" name="runner.LoginTestRunner" time="22.818" errors="0" timestamp="6 Sep 2019 20:28:52 GMT">
  <testcase classname="runner.LoginTestRunner" name="feature" time="22.818"/>
</testsuite> <!-- runner.LoginTestRunner -->
