<?xml version="1.0" encoding="UTF-8"?>
<!-- Generated by org.testng.reporters.JUnitReportReporter -->
<testsuite hostname="FWAL009" failures="0" tests="1" name="runner.ShippingTestRunner" time="21.354" errors="0" timestamp="6 Sep 2019 20:28:52 GMT">
  <testcase classname="runner.ShippingTestRunner" name="feature" time="21.354"/>
</testsuite> <!-- runner.ShippingTestRunner -->
